<?xml version="1.0" encoding="UTF-8"?>
<testsuites>
    <testsuite name="" tests="13" assertions="45" errors="0" warnings="0" failures="0" skipped="0" time="0.677582">
        <testsuite name="Padosoft Test Suite" tests="13" assertions="45" errors="0" warnings="0" failures="0"
                   skipped="0" time="0.677582">
            <testsuite name="MathiasGrimm\LaravelLogKeeper\Test\Repos\FakeLogsRepoTest"
                       file="C:\xampp\htdocs\laravel-log-keeper\tests\Repos\FakeLogsRepoTest.php" tests="3"
                       assertions="12" errors="0" warnings="0" failures="0" skipped="0" time="0.471345">
                <testcase name="it_gets_logs" class="MathiasGrimm\LaravelLogKeeper\Test\Repos\FakeLogsRepoTest"
                          classname="MathiasGrimm.LaravelLogKeeper.Test.Repos.FakeLogsRepoTest"
                          file="C:\xampp\htdocs\laravel-log-keeper\tests\Repos\FakeLogsRepoTest.php" line="19"
                          assertions="9" time="0.428210"/>
                <testcase name="it_compresses" class="MathiasGrimm\LaravelLogKeeper\Test\Repos\FakeLogsRepoTest"
                          classname="MathiasGrimm.LaravelLogKeeper.Test.Repos.FakeLogsRepoTest"
                          file="C:\xampp\htdocs\laravel-log-keeper\tests\Repos\FakeLogsRepoTest.php" line="34"
                          assertions="2" time="0.026700"/>
                <testcase name="it_deletes" class="MathiasGrimm\LaravelLogKeeper\Test\Repos\FakeLogsRepoTest"
                          classname="MathiasGrimm.LaravelLogKeeper.Test.Repos.FakeLogsRepoTest"
                          file="C:\xampp\htdocs\laravel-log-keeper\tests\Repos\FakeLogsRepoTest.php" line="54"
                          assertions="1" time="0.016435"/>
            </testsuite>
            <testsuite name="MathiasGrimm\LaravelLogKeeper\Test\Repos\FakeRemoteLogsRepoTest"
                       file="C:\xampp\htdocs\laravel-log-keeper\tests\Repos\FakeRemoteLogsRepoTest.php" tests="1"
                       assertions="1" errors="0" warnings="0" failures="0" skipped="0" time="0.027411">
                <testcase name="it_throws_exception_when_enable_remote_is_true_and_remote_disk_is_null"
                          class="MathiasGrimm\LaravelLogKeeper\Test\Repos\FakeRemoteLogsRepoTest"
                          classname="MathiasGrimm.LaravelLogKeeper.Test.Repos.FakeRemoteLogsRepoTest"
                          file="C:\xampp\htdocs\laravel-log-keeper\tests\Repos\FakeRemoteLogsRepoTest.php" line="12"
                          assertions="1" time="0.027411"/>
            </testsuite>
            <testsuite name="MathiasGrimm\LaravelLogKeeper\Test\Services\LogKeeperServiceTest"
                       file="C:\xampp\htdocs\laravel-log-keeper\tests\Services\LogKeeperServiceTest.php" tests="4"
                       assertions="8" errors="0" warnings="0" failures="0" skipped="0" time="0.086431">
                <testcase name="it_has_no_local_files_older_than_the_local_retention"
                          class="MathiasGrimm\LaravelLogKeeper\Test\Services\LogKeeperServiceTest"
                          classname="MathiasGrimm.LaravelLogKeeper.Test.Services.LogKeeperServiceTest"
                          file="C:\xampp\htdocs\laravel-log-keeper\tests\Services\LogKeeperServiceTest.php" line="59"
                          assertions="2" time="0.031436"/>
                <testcase name="it_has_no_local_compressed_files"
                          class="MathiasGrimm\LaravelLogKeeper\Test\Services\LogKeeperServiceTest"
                          classname="MathiasGrimm.LaravelLogKeeper.Test.Services.LogKeeperServiceTest"
                          file="C:\xampp\htdocs\laravel-log-keeper\tests\Services\LogKeeperServiceTest.php" line="80"
                          assertions="2" time="0.017369"/>
                <testcase name="it_does_nothing_if_enabled_is_false"
                          class="MathiasGrimm\LaravelLogKeeper\Test\Services\LogKeeperServiceTest"
                          classname="MathiasGrimm.LaravelLogKeeper.Test.Services.LogKeeperServiceTest"
                          file="C:\xampp\htdocs\laravel-log-keeper\tests\Services\LogKeeperServiceTest.php" line="175"
                          assertions="2" time="0.018918"/>
                <testcase name="it_does_nothing_remotely_if_enabled_remote_is_false"
                          class="MathiasGrimm\LaravelLogKeeper\Test\Services\LogKeeperServiceTest"
                          classname="MathiasGrimm.LaravelLogKeeper.Test.Services.LogKeeperServiceTest"
                          file="C:\xampp\htdocs\laravel-log-keeper\tests\Services\LogKeeperServiceTest.php" line="202"
                          assertions="2" time="0.018708"/>
            </testsuite>
            <testsuite name="MathiasGrimm\LaravelLogKeeper\Test\Support\LogUtilTest"
                       file="C:\xampp\htdocs\laravel-log-keeper\tests\Support\LogUtilTest.php" tests="5" assertions="24"
                       errors="0" warnings="0" failures="0" skipped="0" time="0.092396">
                <testcase name="it_gets_only_logs" class="MathiasGrimm\LaravelLogKeeper\Test\Support\LogUtilTest"
                          classname="MathiasGrimm.LaravelLogKeeper.Test.Support.LogUtilTest"
                          file="C:\xampp\htdocs\laravel-log-keeper\tests\Support\LogUtilTest.php" line="13"
                          assertions="1" time="0.020872"/>
                <testcase name="it_gets_only_compressed_logs"
                          class="MathiasGrimm\LaravelLogKeeper\Test\Support\LogUtilTest"
                          classname="MathiasGrimm.LaravelLogKeeper.Test.Support.LogUtilTest"
                          file="C:\xampp\htdocs\laravel-log-keeper\tests\Support\LogUtilTest.php" line="43"
                          assertions="1" time="0.018631"/>
                <testcase name="it_maps_basename" class="MathiasGrimm\LaravelLogKeeper\Test\Support\LogUtilTest"
                          classname="MathiasGrimm.LaravelLogKeeper.Test.Support.LogUtilTest"
                          file="C:\xampp\htdocs\laravel-log-keeper\tests\Support\LogUtilTest.php" line="73"
                          assertions="1" time="0.017881"/>
                <testcase name="it_gets_the_date_as_carbon_or_throw_exception_if_it_is_not_valid_log"
                          class="MathiasGrimm\LaravelLogKeeper\Test\Support\LogUtilTest"
                          classname="MathiasGrimm.LaravelLogKeeper.Test.Support.LogUtilTest"
                          file="C:\xampp\htdocs\laravel-log-keeper\tests\Support\LogUtilTest.php" line="97"
                          assertions="20" time="0.017397"/>
                <testcase name="it_gets_the_diff" class="MathiasGrimm\LaravelLogKeeper\Test\Support\LogUtilTest"
                          classname="MathiasGrimm.LaravelLogKeeper.Test.Support.LogUtilTest"
                          file="C:\xampp\htdocs\laravel-log-keeper\tests\Support\LogUtilTest.php" line="135"
                          assertions="1" time="0.017615"/>
            </testsuite>
        </testsuite>
    </testsuite>
</testsuites>
